16:52:02.849 [main] INFO  stoney.avancePracticas.App - Hello World!
16:52:02.850 [main] INFO  stoney.avancePracticas.App - Fecha y hora actual: 2025-10-26T16:52:02.850609754
16:52:02.851 [main] ERROR stoney.avancePracticas.App - This is an error message.
16:52:12.851 [main] INFO  stoney.avancePracticas.App - Finished sleeping for 5 seconds.
17:08:19.511 [main] INFO  stoney.avancePracticas.App - Hello World!
17:08:19.511 [main] INFO  stoney.avancePracticas.App - Fecha y hora actual: 2025-10-26T17:08:19.511854876
17:08:19.512 [main] ERROR stoney.avancePracticas.App - This is an error message.
17:08:29.513 [main] INFO  stoney.avancePracticas.App - Finished sleeping for 5 seconds.
17:08:29.594 [main] INFO  s.avancePracticas.sepa.HacerSEPA - Archivo SEPA generado: pago_sepa.xml
17:24:11.298 [main] INFO  stoney.avancePracticas.App - Hello World!
17:24:11.299 [main] INFO  stoney.avancePracticas.App - Fecha y hora actual: 2025-10-26T17:24:11.299692094
17:24:11.300 [main] ERROR stoney.avancePracticas.App - This is an error message.
17:24:21.300 [main] INFO  stoney.avancePracticas.App - Finished sleeping for 5 seconds.
20:22:55.177 [main] INFO  stoney.avancePracticas.App - Hello World!
20:22:55.178 [main] INFO  stoney.avancePracticas.App - Fecha y hora actual: 2025-10-26T20:22:55.178737090
20:27:45.125 [main] INFO  stoney.avancePracticas.App - Hello World!
20:29:13.919 [main] INFO  stoney.avancePracticas.App - Hello World!
20:29:13.920 [main] INFO  stoney.avancePracticas.App - Fecha y hora actual: 2025-10-26T20:29:13.920327503
20:34:51.962 [main] INFO  stoney.avancePracticas.App - Hello World!
20:34:51.963 [main] INFO  stoney.avancePracticas.App - Fecha y hora actual: 2025-10-26T20:34:51.963269655
20:37:23.052 [main] INFO  stoney.avancePracticas.App - Hello World!
20:37:23.052 [main] INFO  stoney.avancePracticas.App - Fecha y hora actual: 2025-10-26T20:37:23.052875467
20:44:34.254 [main] INFO  stoney.avancePracticas.App - Hello World!
20:44:34.254 [main] INFO  stoney.avancePracticas.App - Fecha y hora actual: 2025-10-26T20:44:34.254790733
20:51:49.837 [main] INFO  stoney.avancePracticas.App - Hello World!
20:51:49.838 [main] INFO  stoney.avancePracticas.App - Fecha y hora actual: 2025-10-26T20:51:49.838665130
20:51:50.725 [main] INFO  s.a.excel.ExcelTablaCompleta - Archivo creado: gastos.xlsx
